2017-01-17T15:35:43.773-0800 I CONTROL  [initandlisten] MongoDB starting : pid=280 port=27017 dbpath=C:\data\db\ 64-bit host=Peabody3-PC
2017-01-17T15:35:43.774-0800 I CONTROL  [initandlisten] targetMinOS: Windows 7/Windows Server 2008 R2
2017-01-17T15:35:43.774-0800 I CONTROL  [initandlisten] db version v3.2.9
2017-01-17T15:35:43.774-0800 I CONTROL  [initandlisten] git version: 22ec9e93b40c85fc7cae7d56e7d6a02fd811088c
2017-01-17T15:35:43.774-0800 I CONTROL  [initandlisten] OpenSSL version: OpenSSL 1.0.1p-fips 9 Jul 2015
2017-01-17T15:35:43.774-0800 I CONTROL  [initandlisten] allocator: tcmalloc
2017-01-17T15:35:43.774-0800 I CONTROL  [initandlisten] modules: none
2017-01-17T15:35:43.774-0800 I CONTROL  [initandlisten] build environment:
2017-01-17T15:35:43.774-0800 I CONTROL  [initandlisten]     distmod: 2008plus-ssl
2017-01-17T15:35:43.774-0800 I CONTROL  [initandlisten]     distarch: x86_64
2017-01-17T15:35:43.774-0800 I CONTROL  [initandlisten]     target_arch: x86_64
2017-01-17T15:35:43.774-0800 I CONTROL  [initandlisten] options: {}
2017-01-17T15:35:43.778-0800 I -        [initandlisten] Detected data files in C:\data\db\ created by the 'wiredTiger' storage engine, so setting the active storage engine to 'wiredTiger'.
2017-01-17T15:35:43.778-0800 I STORAGE  [initandlisten] wiredtiger_open config: create,cache_size=4G,session_max=20000,eviction=(threads_max=4),config_base=false,statistics=(fast),log=(enabled=true,archive=true,path=journal,compressor=snappy),file_manager=(close_idle_time=100000),checkpoint=(wait=60,log_size=2GB),statistics_log=(wait=0),
2017-01-17T15:35:44.870-0800 I NETWORK  [HostnameCanonicalizationWorker] Starting hostname canonicalization worker
2017-01-17T15:35:44.871-0800 I FTDC     [initandlisten] Initializing full-time diagnostic data capture with directory 'C:/data/db/diagnostic.data'
2017-01-17T15:35:44.894-0800 I NETWORK  [initandlisten] waiting for connections on port 27017
2017-01-17T15:39:42.093-0800 I CONTROL  [thread1] Ctrl-C signal
2017-01-17T15:39:42.093-0800 I CONTROL  [consoleTerminate] got CTRL_C_EVENT, will terminate after current cmd ends
2017-01-17T15:39:42.093-0800 I FTDC     [consoleTerminate] Shutting down full-time diagnostic data capture
